  [1m[36mActiveRecord::SchemaMigration Load (0.8ms)[0m  [1mSELECT "schema_migrations".* FROM "schema_migrations"[0m
Migrating to CreateClients (20130525195017)
  [1m[35m (1.0ms)[0m  BEGIN
  [1m[36m (55.9ms)[0m  [1mCREATE TABLE "clients" ("id" serial primary key, "name" character varying(255), "surname" character varying(255), "email" character varying(255), "phone" character varying(255), "created_at" timestamp, "updated_at" timestamp) [0m
PG::Error: ERROR:  relation "clients" already exists
: CREATE TABLE "clients" ("id" serial primary key, "name" character varying(255), "surname" character varying(255), "email" character varying(255), "phone" character varying(255), "created_at" timestamp, "updated_at" timestamp) 
  [1m[35m (0.4ms)[0m  ROLLBACK
  [1m[36m (20.4ms)[0m  [1mCREATE TABLE "schema_migrations" ("version" character varying(255) NOT NULL) [0m
  [1m[35m (4.1ms)[0m  CREATE UNIQUE INDEX "unique_schema_migrations" ON "schema_migrations" ("version")
  [1m[36mActiveRecord::SchemaMigration Load (0.6ms)[0m  [1mSELECT "schema_migrations".* FROM "schema_migrations"[0m
Migrating to CreateClients (20130525195017)
  [1m[35m (0.2ms)[0m  BEGIN
  [1m[36m (21.9ms)[0m  [1mCREATE TABLE "clients" ("id" serial primary key, "name" character varying(255), "surname" character varying(255), "email" character varying(255), "phone" character varying(255), "created_at" timestamp, "updated_at" timestamp) [0m
  [1m[35mSQL (1.3ms)[0m  INSERT INTO "schema_migrations" ("version") VALUES ($1)  [["version", "20130525195017"]]
  [1m[36m (0.7ms)[0m  [1mCOMMIT[0m
  [1m[35mActiveRecord::SchemaMigration Load (0.4ms)[0m  SELECT "schema_migrations".* FROM "schema_migrations"
  [1m[36mActiveRecord::SchemaMigration Load (0.4ms)[0m  [1mSELECT "schema_migrations".* FROM "schema_migrations"[0m
  [1m[35m (105.9ms)[0m  DROP DATABASE IF EXISTS "minibank_test"
  [1m[36m (306.4ms)[0m  [1mCREATE DATABASE "minibank_test" ENCODING = 'utf8'[0m
  [1m[35m (23.2ms)[0m  CREATE TABLE "clients" ("id" serial primary key, "name" character varying(255), "surname" character varying(255), "email" character varying(255), "phone" character varying(255), "created_at" timestamp, "updated_at" timestamp) 
  [1m[36m (1.4ms)[0m  [1mCREATE TABLE "schema_migrations" ("version" character varying(255) NOT NULL) [0m
  [1m[35m (4.0ms)[0m  CREATE UNIQUE INDEX "unique_schema_migrations" ON "schema_migrations" ("version")
  [1m[36m (0.5ms)[0m  [1mSELECT version FROM "schema_migrations"[0m
  [1m[35m (0.9ms)[0m  INSERT INTO "schema_migrations" (version) VALUES ('20130525195017')
  [1m[36mActiveRecord::SchemaMigration Load (0.4ms)[0m  [1mSELECT "schema_migrations".* FROM "schema_migrations"[0m
  [1m[35m (108.7ms)[0m  DROP DATABASE IF EXISTS "minibank_test"
  [1m[36m (267.4ms)[0m  [1mCREATE DATABASE "minibank_test" ENCODING = 'utf8'[0m
  [1m[35m (15.8ms)[0m  CREATE TABLE "clients" ("id" serial primary key, "name" character varying(255), "surname" character varying(255), "email" character varying(255), "phone" character varying(255), "created_at" timestamp, "updated_at" timestamp) 
  [1m[36m (2.2ms)[0m  [1mCREATE TABLE "schema_migrations" ("version" character varying(255) NOT NULL) [0m
  [1m[35m (2.6ms)[0m  CREATE UNIQUE INDEX "unique_schema_migrations" ON "schema_migrations" ("version")
  [1m[36m (0.5ms)[0m  [1mSELECT version FROM "schema_migrations"[0m
  [1m[35m (0.9ms)[0m  INSERT INTO "schema_migrations" (version) VALUES ('20130525195017')
  [1m[36mActiveRecord::SchemaMigration Load (2.4ms)[0m  [1mSELECT "schema_migrations".* FROM "schema_migrations"[0m
  [1m[35m (110.6ms)[0m  DROP DATABASE IF EXISTS "minibank_test"
  [1m[36m (269.9ms)[0m  [1mCREATE DATABASE "minibank_test" ENCODING = 'utf8'[0m
  [1m[35m (9.9ms)[0m  CREATE TABLE "clients" ("id" serial primary key, "name" character varying(255), "surname" character varying(255), "email" character varying(255), "phone" character varying(255), "created_at" timestamp, "updated_at" timestamp) 
  [1m[36m (1.4ms)[0m  [1mCREATE TABLE "schema_migrations" ("version" character varying(255) NOT NULL) [0m
  [1m[35m (5.5ms)[0m  CREATE UNIQUE INDEX "unique_schema_migrations" ON "schema_migrations" ("version")
  [1m[36m (0.5ms)[0m  [1mSELECT version FROM "schema_migrations"[0m
  [1m[35m (0.9ms)[0m  INSERT INTO "schema_migrations" (version) VALUES ('20130525195017')
  [1m[36mActiveRecord::SchemaMigration Load (0.4ms)[0m  [1mSELECT "schema_migrations".* FROM "schema_migrations"[0m
  [1m[35m (107.6ms)[0m  DROP DATABASE IF EXISTS "minibank_test"
  [1m[36m (282.3ms)[0m  [1mCREATE DATABASE "minibank_test" ENCODING = 'utf8'[0m
  [1m[35m (19.1ms)[0m  CREATE TABLE "clients" ("id" serial primary key, "name" character varying(255), "surname" character varying(255), "email" character varying(255), "phone" character varying(255), "created_at" timestamp, "updated_at" timestamp) 
  [1m[36m (1.4ms)[0m  [1mCREATE TABLE "schema_migrations" ("version" character varying(255) NOT NULL) [0m
  [1m[35m (3.2ms)[0m  CREATE UNIQUE INDEX "unique_schema_migrations" ON "schema_migrations" ("version")
  [1m[36m (0.5ms)[0m  [1mSELECT version FROM "schema_migrations"[0m
  [1m[35m (1.1ms)[0m  INSERT INTO "schema_migrations" (version) VALUES ('20130525195017')
  [1m[36mActiveRecord::SchemaMigration Load (0.4ms)[0m  [1mSELECT "schema_migrations".* FROM "schema_migrations"[0m
  [1m[35m (107.0ms)[0m  DROP DATABASE IF EXISTS "minibank_test"
  [1m[36m (279.0ms)[0m  [1mCREATE DATABASE "minibank_test" ENCODING = 'utf8'[0m
  [1m[35m (9.2ms)[0m  CREATE TABLE "clients" ("id" serial primary key, "name" character varying(255), "surname" character varying(255), "email" character varying(255), "phone" character varying(255), "created_at" timestamp, "updated_at" timestamp) 
  [1m[36m (1.3ms)[0m  [1mCREATE TABLE "schema_migrations" ("version" character varying(255) NOT NULL) [0m
  [1m[35m (2.4ms)[0m  CREATE UNIQUE INDEX "unique_schema_migrations" ON "schema_migrations" ("version")
  [1m[36m (0.4ms)[0m  [1mSELECT version FROM "schema_migrations"[0m
  [1m[35m (0.8ms)[0m  INSERT INTO "schema_migrations" (version) VALUES ('20130525195017')
  [1m[36mActiveRecord::SchemaMigration Load (0.5ms)[0m  [1mSELECT "schema_migrations".* FROM "schema_migrations"[0m
  [1m[35m (110.0ms)[0m  DROP DATABASE IF EXISTS "minibank_test"
  [1m[36m (269.7ms)[0m  [1mCREATE DATABASE "minibank_test" ENCODING = 'utf8'[0m
  [1m[35m (9.3ms)[0m  CREATE TABLE "clients" ("id" serial primary key, "name" character varying(255), "surname" character varying(255), "email" character varying(255), "phone" character varying(255), "created_at" timestamp, "updated_at" timestamp) 
  [1m[36m (1.2ms)[0m  [1mCREATE TABLE "schema_migrations" ("version" character varying(255) NOT NULL) [0m
  [1m[35m (4.7ms)[0m  CREATE UNIQUE INDEX "unique_schema_migrations" ON "schema_migrations" ("version")
  [1m[36m (0.5ms)[0m  [1mSELECT version FROM "schema_migrations"[0m
  [1m[35m (0.9ms)[0m  INSERT INTO "schema_migrations" (version) VALUES ('20130525195017')
  [1m[36mActiveRecord::SchemaMigration Load (0.4ms)[0m  [1mSELECT "schema_migrations".* FROM "schema_migrations"[0m
  [1m[35m (107.4ms)[0m  DROP DATABASE IF EXISTS "minibank_test"
  [1m[36m (273.9ms)[0m  [1mCREATE DATABASE "minibank_test" ENCODING = 'utf8'[0m
  [1m[35m (8.9ms)[0m  CREATE TABLE "clients" ("id" serial primary key, "name" character varying(255), "surname" character varying(255), "email" character varying(255), "phone" character varying(255), "created_at" timestamp, "updated_at" timestamp) 
  [1m[36m (1.1ms)[0m  [1mCREATE TABLE "schema_migrations" ("version" character varying(255) NOT NULL) [0m
  [1m[35m (2.3ms)[0m  CREATE UNIQUE INDEX "unique_schema_migrations" ON "schema_migrations" ("version")
  [1m[36m (0.5ms)[0m  [1mSELECT version FROM "schema_migrations"[0m
  [1m[35m (2.4ms)[0m  INSERT INTO "schema_migrations" (version) VALUES ('20130525195017')
  [1m[36mActiveRecord::SchemaMigration Load (0.5ms)[0m  [1mSELECT "schema_migrations".* FROM "schema_migrations"[0m
Migrating to CreateAccounts (20130525201958)
  [1m[35m (0.3ms)[0m  BEGIN
  [1m[36m (54.7ms)[0m  [1mCREATE TABLE "accounts" ("id" serial primary key, "client_id" integer NOT NULL, "number" integer NOT NULL, "balance" integer DEFAULT 0 NOT NULL, "created_at" timestamp, "updated_at" timestamp) [0m
  [1m[35m (2.0ms)[0m  CREATE INDEX "index_accounts_on_client_id" ON "accounts" ("client_id")
  [1m[36mSQL (1.0ms)[0m  [1mINSERT INTO "schema_migrations" ("version") VALUES ($1)[0m  [["version", "20130525201958"]]
  [1m[35m (2.2ms)[0m  COMMIT
  [1m[36mActiveRecord::SchemaMigration Load (0.3ms)[0m  [1mSELECT "schema_migrations".* FROM "schema_migrations"[0m
  [1m[36mActiveRecord::SchemaMigration Load (0.5ms)[0m  [1mSELECT "schema_migrations".* FROM "schema_migrations"[0m
  [1m[35m (110.0ms)[0m  DROP DATABASE IF EXISTS "minibank_test"
  [1m[36m (289.5ms)[0m  [1mCREATE DATABASE "minibank_test" ENCODING = 'utf8'[0m
  [1m[35m (8.2ms)[0m  CREATE TABLE "accounts" ("id" serial primary key, "client_id" integer NOT NULL, "number" integer NOT NULL, "balance" integer DEFAULT 0 NOT NULL, "created_at" timestamp, "updated_at" timestamp) 
  [1m[36m (2.6ms)[0m  [1mCREATE INDEX "index_accounts_on_client_id" ON "accounts" ("client_id")[0m
  [1m[35m (11.4ms)[0m  CREATE TABLE "clients" ("id" serial primary key, "name" character varying(255), "surname" character varying(255), "email" character varying(255), "phone" character varying(255), "created_at" timestamp, "updated_at" timestamp) 
  [1m[36m (1.3ms)[0m  [1mCREATE TABLE "schema_migrations" ("version" character varying(255) NOT NULL) [0m
  [1m[35m (4.0ms)[0m  CREATE UNIQUE INDEX "unique_schema_migrations" ON "schema_migrations" ("version")
  [1m[36m (0.5ms)[0m  [1mSELECT version FROM "schema_migrations"[0m
  [1m[35m (1.3ms)[0m  INSERT INTO "schema_migrations" (version) VALUES ('20130525201958')
  [1m[36m (5.6ms)[0m  [1mINSERT INTO "schema_migrations" (version) VALUES ('20130525195017')[0m
  [1m[36mActiveRecord::SchemaMigration Load (0.4ms)[0m  [1mSELECT "schema_migrations".* FROM "schema_migrations"[0m
  [1m[35m (107.3ms)[0m  DROP DATABASE IF EXISTS "minibank_test"
  [1m[36m (280.9ms)[0m  [1mCREATE DATABASE "minibank_test" ENCODING = 'utf8'[0m
  [1m[35m (13.5ms)[0m  CREATE TABLE "accounts" ("id" serial primary key, "client_id" integer NOT NULL, "number" integer NOT NULL, "balance" integer DEFAULT 0 NOT NULL, "created_at" timestamp, "updated_at" timestamp) 
  [1m[36m (6.2ms)[0m  [1mCREATE INDEX "index_accounts_on_client_id" ON "accounts" ("client_id")[0m
  [1m[35m (6.7ms)[0m  CREATE TABLE "clients" ("id" serial primary key, "name" character varying(255), "surname" character varying(255), "email" character varying(255), "phone" character varying(255), "created_at" timestamp, "updated_at" timestamp) 
  [1m[36m (1.5ms)[0m  [1mCREATE TABLE "schema_migrations" ("version" character varying(255) NOT NULL) [0m
  [1m[35m (2.5ms)[0m  CREATE UNIQUE INDEX "unique_schema_migrations" ON "schema_migrations" ("version")
  [1m[36m (0.5ms)[0m  [1mSELECT version FROM "schema_migrations"[0m
  [1m[35m (1.0ms)[0m  INSERT INTO "schema_migrations" (version) VALUES ('20130525201958')
  [1m[36m (0.7ms)[0m  [1mINSERT INTO "schema_migrations" (version) VALUES ('20130525195017')[0m
  [1m[36mActiveRecord::SchemaMigration Load (0.5ms)[0m  [1mSELECT "schema_migrations".* FROM "schema_migrations"[0m
Migrating to CreateTransactions (20130525214009)
  [1m[35m (0.2ms)[0m  BEGIN
  [1m[36m (6.2ms)[0m  [1mCREATE TABLE "transactions" ("id" serial primary key, "account_id" integer NOT NULL, "amount" integer NOT NULL, "descr" character varying(255) NOT NULL, "created_at" timestamp, "updated_at" timestamp) [0m
  [1m[35m (2.6ms)[0m  CREATE INDEX "index_transactions_on_account_id" ON "transactions" ("account_id")
  [1m[36mSQL (1.0ms)[0m  [1mINSERT INTO "schema_migrations" ("version") VALUES ($1)[0m  [["version", "20130525214009"]]
  [1m[35m (1.2ms)[0m  COMMIT
  [1m[36mActiveRecord::SchemaMigration Load (0.4ms)[0m  [1mSELECT "schema_migrations".* FROM "schema_migrations"[0m
  [1m[36mActiveRecord::SchemaMigration Load (0.4ms)[0m  [1mSELECT "schema_migrations".* FROM "schema_migrations"[0m
  [1m[35m (113.7ms)[0m  DROP DATABASE IF EXISTS "minibank_test"
  [1m[36m (289.6ms)[0m  [1mCREATE DATABASE "minibank_test" ENCODING = 'utf8'[0m
  [1m[35m (7.8ms)[0m  CREATE TABLE "accounts" ("id" serial primary key, "client_id" integer NOT NULL, "number" integer NOT NULL, "balance" integer DEFAULT 0 NOT NULL, "created_at" timestamp, "updated_at" timestamp) 
  [1m[36m (5.6ms)[0m  [1mCREATE INDEX "index_accounts_on_client_id" ON "accounts" ("client_id")[0m
  [1m[35m (5.3ms)[0m  CREATE TABLE "clients" ("id" serial primary key, "name" character varying(255), "surname" character varying(255), "email" character varying(255), "phone" character varying(255), "created_at" timestamp, "updated_at" timestamp) 
  [1m[36m (9.4ms)[0m  [1mCREATE TABLE "transactions" ("id" serial primary key, "account_id" integer NOT NULL, "amount" integer NOT NULL, "descr" character varying(255) NOT NULL, "created_at" timestamp, "updated_at" timestamp) [0m
  [1m[35m (3.9ms)[0m  CREATE INDEX "index_transactions_on_account_id" ON "transactions" ("account_id")
  [1m[36m (1.2ms)[0m  [1mCREATE TABLE "schema_migrations" ("version" character varying(255) NOT NULL) [0m
  [1m[35m (2.3ms)[0m  CREATE UNIQUE INDEX "unique_schema_migrations" ON "schema_migrations" ("version")
  [1m[36m (0.4ms)[0m  [1mSELECT version FROM "schema_migrations"[0m
  [1m[35m (2.0ms)[0m  INSERT INTO "schema_migrations" (version) VALUES ('20130525214009')
  [1m[36m (0.6ms)[0m  [1mINSERT INTO "schema_migrations" (version) VALUES ('20130525201958')[0m
  [1m[35m (0.7ms)[0m  INSERT INTO "schema_migrations" (version) VALUES ('20130525195017')
  [1m[36mActiveRecord::SchemaMigration Load (0.5ms)[0m  [1mSELECT "schema_migrations".* FROM "schema_migrations"[0m
  [1m[35m (109.5ms)[0m  DROP DATABASE IF EXISTS "minibank_test"
  [1m[36m (291.6ms)[0m  [1mCREATE DATABASE "minibank_test" ENCODING = 'utf8'[0m
  [1m[35m (9.4ms)[0m  CREATE TABLE "accounts" ("id" serial primary key, "client_id" integer NOT NULL, "number" integer NOT NULL, "balance" integer DEFAULT 0 NOT NULL, "created_at" timestamp, "updated_at" timestamp) 
  [1m[36m (2.5ms)[0m  [1mCREATE INDEX "index_accounts_on_client_id" ON "accounts" ("client_id")[0m
  [1m[35m (6.7ms)[0m  CREATE TABLE "clients" ("id" serial primary key, "name" character varying(255), "surname" character varying(255), "email" character varying(255), "phone" character varying(255), "created_at" timestamp, "updated_at" timestamp) 
  [1m[36m (3.7ms)[0m  [1mCREATE TABLE "transactions" ("id" serial primary key, "account_id" integer NOT NULL, "amount" integer NOT NULL, "descr" character varying(255) NOT NULL, "created_at" timestamp, "updated_at" timestamp) [0m
  [1m[35m (5.9ms)[0m  CREATE INDEX "index_transactions_on_account_id" ON "transactions" ("account_id")
  [1m[36m (1.0ms)[0m  [1mCREATE TABLE "schema_migrations" ("version" character varying(255) NOT NULL) [0m
  [1m[35m (2.5ms)[0m  CREATE UNIQUE INDEX "unique_schema_migrations" ON "schema_migrations" ("version")
  [1m[36m (0.7ms)[0m  [1mSELECT version FROM "schema_migrations"[0m
  [1m[35m (1.0ms)[0m  INSERT INTO "schema_migrations" (version) VALUES ('20130525214009')
  [1m[36m (0.7ms)[0m  [1mINSERT INTO "schema_migrations" (version) VALUES ('20130525201958')[0m
  [1m[35m (0.9ms)[0m  INSERT INTO "schema_migrations" (version) VALUES ('20130525195017')
  [1m[36mActiveRecord::SchemaMigration Load (0.5ms)[0m  [1mSELECT "schema_migrations".* FROM "schema_migrations"[0m
  [1m[35m (108.9ms)[0m  DROP DATABASE IF EXISTS "minibank_test"
  [1m[36m (282.1ms)[0m  [1mCREATE DATABASE "minibank_test" ENCODING = 'utf8'[0m
  [1m[35m (8.3ms)[0m  CREATE TABLE "accounts" ("id" serial primary key, "client_id" integer NOT NULL, "number" integer NOT NULL, "balance" integer DEFAULT 0 NOT NULL, "created_at" timestamp, "updated_at" timestamp) 
  [1m[36m (3.4ms)[0m  [1mCREATE INDEX "index_accounts_on_client_id" ON "accounts" ("client_id")[0m
  [1m[35m (7.3ms)[0m  CREATE TABLE "clients" ("id" serial primary key, "name" character varying(255), "surname" character varying(255), "email" character varying(255), "phone" character varying(255), "created_at" timestamp, "updated_at" timestamp) 
  [1m[36m (3.6ms)[0m  [1mCREATE TABLE "transactions" ("id" serial primary key, "account_id" integer NOT NULL, "amount" integer NOT NULL, "descr" character varying(255) NOT NULL, "created_at" timestamp, "updated_at" timestamp) [0m
  [1m[35m (3.3ms)[0m  CREATE INDEX "index_transactions_on_account_id" ON "transactions" ("account_id")
  [1m[36m (1.3ms)[0m  [1mCREATE TABLE "schema_migrations" ("version" character varying(255) NOT NULL) [0m
  [1m[35m (2.6ms)[0m  CREATE UNIQUE INDEX "unique_schema_migrations" ON "schema_migrations" ("version")
  [1m[36m (0.5ms)[0m  [1mSELECT version FROM "schema_migrations"[0m
  [1m[35m (4.2ms)[0m  INSERT INTO "schema_migrations" (version) VALUES ('20130525214009')
  [1m[36m (0.7ms)[0m  [1mINSERT INTO "schema_migrations" (version) VALUES ('20130525201958')[0m
  [1m[35m (0.7ms)[0m  INSERT INTO "schema_migrations" (version) VALUES ('20130525195017')


Started GET "/" for 192.168.88.1 at 2013-05-26 00:54:11 +0200
Processing by ClientsController#index as HTML
  [1m[36mClient Load (0.5ms)[0m  [1mSELECT "clients".* FROM "clients"[0m
  Rendered clients/index.html.haml within layouts/application (11.8ms)
Completed 200 OK in 546ms (Views: 535.6ms | ActiveRecord: 2.4ms)


Started GET "/assets/application.css?body=1" for 192.168.88.1 at 2013-05-26 00:54:12 +0200


Started GET "/assets/clients.css?body=1" for 192.168.88.1 at 2013-05-26 00:54:12 +0200


Started GET "/assets/scaffolds.css?body=1" for 192.168.88.1 at 2013-05-26 00:54:12 +0200


Started GET "/assets/jquery.js?body=1" for 192.168.88.1 at 2013-05-26 00:54:12 +0200


Started GET "/assets/jquery_ujs.js?body=1" for 192.168.88.1 at 2013-05-26 00:54:12 +0200


Started GET "/assets/turbolinks.js?body=1" for 192.168.88.1 at 2013-05-26 00:54:12 +0200


Started GET "/assets/clients.js?body=1" for 192.168.88.1 at 2013-05-26 00:54:12 +0200


Started GET "/assets/application.js?body=1" for 192.168.88.1 at 2013-05-26 00:54:12 +0200


Started GET "/clients/new" for 192.168.88.1 at 2013-05-26 00:54:49 +0200
Processing by ClientsController#new as HTML
  Rendered clients/_form.html.haml (73.2ms)
  Rendered clients/new.html.haml within layouts/application (82.5ms)
Completed 200 OK in 91ms (Views: 88.2ms | ActiveRecord: 1.2ms)


Started POST "/clients" for 192.168.88.1 at 2013-05-26 00:55:04 +0200
Processing by ClientsController#create as HTML
  Parameters: {"utf8"=>"✓", "authenticity_token"=>"a0Wnon8erAtU0T2fPw3VkZh2Sye9tqvSP29P240N2m8=", "client"=>{"name"=>"Jan", "surname"=>"Nowak", "email"=>"janek@wp.pl", "phone"=>"222"}, "commit"=>"Save"}
  [1m[35m (0.3ms)[0m  BEGIN
  [1m[36m (0.3ms)[0m  [1mROLLBACK[0m
  Rendered clients/_form.html.haml (38.0ms)
  Rendered clients/new.html.haml within layouts/application (40.6ms)
Completed 200 OK in 53ms (Views: 44.8ms | ActiveRecord: 0.6ms)


Started GET "/assets/jquery.js?body=1" for 192.168.88.1 at 2013-05-26 00:55:04 +0200


Started GET "/assets/scaffolds.css?body=1" for 192.168.88.1 at 2013-05-26 00:55:04 +0200


Started GET "/assets/clients.css?body=1" for 192.168.88.1 at 2013-05-26 00:55:04 +0200


Started GET "/assets/application.css?body=1" for 192.168.88.1 at 2013-05-26 00:55:04 +0200


Started GET "/assets/jquery_ujs.js?body=1" for 192.168.88.1 at 2013-05-26 00:55:04 +0200


Started GET "/assets/turbolinks.js?body=1" for 192.168.88.1 at 2013-05-26 00:55:04 +0200


Started GET "/assets/clients.js?body=1" for 192.168.88.1 at 2013-05-26 00:55:04 +0200


Started GET "/assets/application.js?body=1" for 192.168.88.1 at 2013-05-26 00:55:04 +0200


Started GET "/clients" for 192.168.88.1 at 2013-05-26 00:58:33 +0200
Processing by ClientsController#index as HTML
  [1m[35mClient Load (0.7ms)[0m  SELECT "clients".* FROM "clients"
  Rendered clients/index.html.haml within layouts/application (5.1ms)
Completed 200 OK in 13ms (Views: 11.0ms | ActiveRecord: 0.7ms)


Started GET "/assets/application.css?body=1" for 192.168.88.1 at 2013-05-26 00:58:33 +0200


Started GET "/assets/clients.css?body=1" for 192.168.88.1 at 2013-05-26 00:58:33 +0200


Started GET "/assets/scaffolds.css?body=1" for 192.168.88.1 at 2013-05-26 00:58:33 +0200


Started GET "/assets/jquery.js?body=1" for 192.168.88.1 at 2013-05-26 00:58:33 +0200


Started GET "/assets/jquery_ujs.js?body=1" for 192.168.88.1 at 2013-05-26 00:58:33 +0200


Started GET "/assets/turbolinks.js?body=1" for 192.168.88.1 at 2013-05-26 00:58:33 +0200


Started GET "/assets/clients.js?body=1" for 192.168.88.1 at 2013-05-26 00:58:33 +0200


Started GET "/assets/application.js?body=1" for 192.168.88.1 at 2013-05-26 00:58:33 +0200


Started GET "/clients/new" for 192.168.88.1 at 2013-05-26 00:58:34 +0200
Processing by ClientsController#new as HTML
  Rendered clients/_form.html.haml (5.2ms)
  Rendered clients/new.html.haml within layouts/application (6.9ms)
Completed 200 OK in 13ms (Views: 11.9ms | ActiveRecord: 0.0ms)


Started POST "/clients" for 192.168.88.1 at 2013-05-26 00:58:45 +0200
Processing by ClientsController#create as HTML
  Parameters: {"utf8"=>"✓", "authenticity_token"=>"a0Wnon8erAtU0T2fPw3VkZh2Sye9tqvSP29P240N2m8=", "client"=>{"name"=>"Jan", "surname"=>"Nowak", "email"=>"janek@wp.pl", "phone"=>"222"}, "commit"=>"Save"}
  [1m[36m (0.3ms)[0m  [1mBEGIN[0m
  [1m[35m (0.2ms)[0m  ROLLBACK
  Rendered clients/_form.html.haml (5.3ms)
  Rendered clients/new.html.haml within layouts/application (6.5ms)
Completed 200 OK in 15ms (Views: 10.8ms | ActiveRecord: 0.5ms)


Started GET "/assets/application.css?body=1" for 192.168.88.1 at 2013-05-26 00:58:45 +0200


Started GET "/assets/clients.css?body=1" for 192.168.88.1 at 2013-05-26 00:58:45 +0200


Started GET "/assets/scaffolds.css?body=1" for 192.168.88.1 at 2013-05-26 00:58:45 +0200


Started GET "/assets/jquery.js?body=1" for 192.168.88.1 at 2013-05-26 00:58:45 +0200


Started GET "/assets/jquery_ujs.js?body=1" for 192.168.88.1 at 2013-05-26 00:58:45 +0200


Started GET "/assets/turbolinks.js?body=1" for 192.168.88.1 at 2013-05-26 00:58:45 +0200


Started GET "/assets/clients.js?body=1" for 192.168.88.1 at 2013-05-26 00:58:45 +0200


Started GET "/assets/application.js?body=1" for 192.168.88.1 at 2013-05-26 00:58:45 +0200


Started GET "/" for 192.168.88.1 at 2013-05-26 00:59:12 +0200
Processing by ClientsController#index as HTML
  [1m[36mClient Load (0.6ms)[0m  [1mSELECT "clients".* FROM "clients"[0m
  Rendered clients/index.html.haml within layouts/application (11.7ms)
Completed 200 OK in 142ms (Views: 130.0ms | ActiveRecord: 2.4ms)


Started GET "/assets/application.css?body=1" for 192.168.88.1 at 2013-05-26 00:59:13 +0200


Started GET "/assets/clients.css?body=1" for 192.168.88.1 at 2013-05-26 00:59:13 +0200


Started GET "/assets/scaffolds.css?body=1" for 192.168.88.1 at 2013-05-26 00:59:13 +0200


Started GET "/assets/jquery.js?body=1" for 192.168.88.1 at 2013-05-26 00:59:13 +0200


Started GET "/assets/jquery_ujs.js?body=1" for 192.168.88.1 at 2013-05-26 00:59:13 +0200


Started GET "/assets/turbolinks.js?body=1" for 192.168.88.1 at 2013-05-26 00:59:13 +0200


Started GET "/assets/clients.js?body=1" for 192.168.88.1 at 2013-05-26 00:59:14 +0200


Started GET "/assets/application.js?body=1" for 192.168.88.1 at 2013-05-26 00:59:14 +0200


Started GET "/clients/new" for 192.168.88.1 at 2013-05-26 00:59:15 +0200
Processing by ClientsController#new as HTML
  Rendered clients/_form.html.haml (137.6ms)
  Rendered clients/new.html.haml within layouts/application (151.1ms)
Completed 200 OK in 159ms (Views: 157.3ms | ActiveRecord: 0.9ms)


Started POST "/clients" for 192.168.88.1 at 2013-05-26 00:59:23 +0200
Processing by ClientsController#create as HTML
  Parameters: {"utf8"=>"✓", "authenticity_token"=>"a0Wnon8erAtU0T2fPw3VkZh2Sye9tqvSP29P240N2m8=", "client"=>{"name"=>"Jan", "surname"=>"Nowak", "email"=>"janek@wp.pl", "phone"=>"111"}, "commit"=>"Save"}
  [1m[35m (0.3ms)[0m  BEGIN
  [1m[36m (0.4ms)[0m  [1mROLLBACK[0m
  Rendered clients/_form.html.haml (24.5ms)
  Rendered clients/new.html.haml within layouts/application (29.2ms)
Completed 200 OK in 48ms (Views: 35.9ms | ActiveRecord: 0.7ms)


Started GET "/assets/application.css?body=1" for 192.168.88.1 at 2013-05-26 00:59:23 +0200


Started GET "/assets/clients.css?body=1" for 192.168.88.1 at 2013-05-26 00:59:23 +0200


Started GET "/assets/scaffolds.css?body=1" for 192.168.88.1 at 2013-05-26 00:59:23 +0200


Started GET "/assets/jquery.js?body=1" for 192.168.88.1 at 2013-05-26 00:59:23 +0200


Started GET "/assets/jquery_ujs.js?body=1" for 192.168.88.1 at 2013-05-26 00:59:23 +0200


Started GET "/assets/turbolinks.js?body=1" for 192.168.88.1 at 2013-05-26 00:59:23 +0200


Started GET "/assets/clients.js?body=1" for 192.168.88.1 at 2013-05-26 00:59:23 +0200


Started GET "/assets/application.js?body=1" for 192.168.88.1 at 2013-05-26 00:59:23 +0200


Started GET "/clients" for 192.168.88.1 at 2013-05-26 01:02:52 +0200
Processing by ClientsController#index as HTML
  [1m[35mClient Load (0.4ms)[0m  SELECT "clients".* FROM "clients"
  Rendered clients/index.html.haml within layouts/application (6.3ms)
Completed 200 OK in 17ms (Views: 7.9ms | ActiveRecord: 3.6ms)


Started GET "/assets/application.css?body=1" for 192.168.88.1 at 2013-05-26 01:02:52 +0200


Started GET "/assets/clients.css?body=1" for 192.168.88.1 at 2013-05-26 01:02:52 +0200


Started GET "/assets/scaffolds.css?body=1" for 192.168.88.1 at 2013-05-26 01:02:52 +0200


Started GET "/assets/jquery.js?body=1" for 192.168.88.1 at 2013-05-26 01:02:52 +0200


Started GET "/assets/jquery_ujs.js?body=1" for 192.168.88.1 at 2013-05-26 01:02:52 +0200


Started GET "/assets/turbolinks.js?body=1" for 192.168.88.1 at 2013-05-26 01:02:52 +0200


Started GET "/assets/clients.js?body=1" for 192.168.88.1 at 2013-05-26 01:02:52 +0200


Started GET "/assets/application.js?body=1" for 192.168.88.1 at 2013-05-26 01:02:52 +0200


Started GET "/clients/new" for 192.168.88.1 at 2013-05-26 01:02:53 +0200
Processing by ClientsController#new as HTML
  Rendered clients/_form.html.haml (36.5ms)
  Rendered clients/new.html.haml within layouts/application (38.0ms)
Completed 200 OK in 45ms (Views: 42.6ms | ActiveRecord: 0.9ms)


Started POST "/clients" for 192.168.88.1 at 2013-05-26 01:03:12 +0200
Processing by ClientsController#create as HTML
  Parameters: {"utf8"=>"✓", "authenticity_token"=>"a0Wnon8erAtU0T2fPw3VkZh2Sye9tqvSP29P240N2m8=", "client"=>{"name"=>"Jan", "surname"=>"Nowak", "email"=>"janek@wp.pl", "phone"=>"222"}, "commit"=>"Save"}
  [1m[36m (0.3ms)[0m  [1mBEGIN[0m
  [1m[35m (0.4ms)[0m  ROLLBACK
  Rendered clients/_form.html.haml (7.1ms)
  Rendered clients/new.html.haml within layouts/application (8.4ms)
Completed 200 OK in 21ms (Views: 13.2ms | ActiveRecord: 0.6ms)


Started GET "/assets/application.css?body=1" for 192.168.88.1 at 2013-05-26 01:03:12 +0200


Started GET "/assets/clients.css?body=1" for 192.168.88.1 at 2013-05-26 01:03:12 +0200


Started GET "/assets/scaffolds.css?body=1" for 192.168.88.1 at 2013-05-26 01:03:12 +0200


Started GET "/assets/jquery.js?body=1" for 192.168.88.1 at 2013-05-26 01:03:12 +0200


Started GET "/assets/jquery_ujs.js?body=1" for 192.168.88.1 at 2013-05-26 01:03:12 +0200


Started GET "/assets/turbolinks.js?body=1" for 192.168.88.1 at 2013-05-26 01:03:12 +0200


Started GET "/assets/clients.js?body=1" for 192.168.88.1 at 2013-05-26 01:03:12 +0200


Started GET "/assets/application.js?body=1" for 192.168.88.1 at 2013-05-26 01:03:12 +0200


Started POST "/clients" for 192.168.88.1 at 2013-05-26 01:03:17 +0200
Processing by ClientsController#create as HTML
  Parameters: {"utf8"=>"✓", "authenticity_token"=>"a0Wnon8erAtU0T2fPw3VkZh2Sye9tqvSP29P240N2m8=", "client"=>{"name"=>"Jan", "surname"=>"Nowak", "email"=>"janek@wp.pl", "phone"=>"222-222-222"}, "commit"=>"Save"}
  [1m[36m (0.4ms)[0m  [1mBEGIN[0m
  [1m[35mSQL (40.2ms)[0m  INSERT INTO "clients" ("created_at", "email", "name", "phone", "surname", "updated_at") VALUES ($1, $2, $3, $4, $5, $6) RETURNING "id"  [["created_at", Sat, 25 May 2013 23:03:17 UTC +00:00], ["email", "janek@wp.pl"], ["name", "Jan"], ["phone", "222-222-222"], ["surname", "Nowak"], ["updated_at", Sat, 25 May 2013 23:03:17 UTC +00:00]]
  [1m[36m (0.9ms)[0m  [1mCOMMIT[0m
Redirected to http://192.168.88.143:3000/clients/1
Completed 302 Found in 49ms (ActiveRecord: 42.3ms)


Started GET "/clients/1" for 192.168.88.1 at 2013-05-26 01:03:17 +0200
Processing by ClientsController#show as HTML
  Parameters: {"id"=>"1"}
  [1m[35mClient Load (1.1ms)[0m  SELECT "clients".* FROM "clients" WHERE "clients"."id" = $1 LIMIT 1  [["id", "1"]]
  Rendered clients/show.html.haml within layouts/application (3.7ms)
Completed 200 OK in 13ms (Views: 8.1ms | ActiveRecord: 1.1ms)


Started GET "/assets/application.css?body=1" for 192.168.88.1 at 2013-05-26 01:03:17 +0200


Started GET "/assets/clients.css?body=1" for 192.168.88.1 at 2013-05-26 01:03:17 +0200


Started GET "/assets/scaffolds.css?body=1" for 192.168.88.1 at 2013-05-26 01:03:17 +0200


Started GET "/assets/jquery.js?body=1" for 192.168.88.1 at 2013-05-26 01:03:17 +0200


Started GET "/assets/jquery_ujs.js?body=1" for 192.168.88.1 at 2013-05-26 01:03:17 +0200


Started GET "/assets/turbolinks.js?body=1" for 192.168.88.1 at 2013-05-26 01:03:17 +0200


Started GET "/assets/clients.js?body=1" for 192.168.88.1 at 2013-05-26 01:03:17 +0200


Started GET "/assets/application.js?body=1" for 192.168.88.1 at 2013-05-26 01:03:17 +0200


Started GET "/clients" for 192.168.88.1 at 2013-05-26 01:04:25 +0200
Processing by ClientsController#index as HTML
  [1m[36mClient Load (1.1ms)[0m  [1mSELECT "clients".* FROM "clients"[0m
  Rendered clients/index.html.haml within layouts/application (7.0ms)
Completed 200 OK in 16ms (Views: 13.8ms | ActiveRecord: 1.1ms)


Started GET "/assets/application.css?body=1" for 192.168.88.1 at 2013-05-26 01:04:25 +0200


Started GET "/assets/clients.css?body=1" for 192.168.88.1 at 2013-05-26 01:04:25 +0200


Started GET "/assets/scaffolds.css?body=1" for 192.168.88.1 at 2013-05-26 01:04:25 +0200


Started GET "/assets/jquery.js?body=1" for 192.168.88.1 at 2013-05-26 01:04:25 +0200


Started GET "/assets/jquery_ujs.js?body=1" for 192.168.88.1 at 2013-05-26 01:04:25 +0200


Started GET "/assets/turbolinks.js?body=1" for 192.168.88.1 at 2013-05-26 01:04:25 +0200


Started GET "/assets/clients.js?body=1" for 192.168.88.1 at 2013-05-26 01:04:25 +0200


Started GET "/assets/application.js?body=1" for 192.168.88.1 at 2013-05-26 01:04:25 +0200


Started GET "/clients" for 192.168.88.1 at 2013-05-26 01:14:27 +0200
Processing by ClientsController#index as HTML
  [1m[35mClient Load (0.8ms)[0m  SELECT "clients".* FROM "clients"
  Rendered clients/index.html.haml within layouts/application (5.0ms)
Completed 500 Internal Server Error in 164ms

ActionView::Template::Error (undefined local variable or method `current_client' for #<#<Class:0x000000021cac08>:0x000000045ca798>):
    24:         <a class="brand" href="/">MinibankApp</a>
    25:         <a class="brand" href="#"><%= yield :client %></a>
    26:         <div class="nav-collapse collapse">
    27:           <% if current_client %>
    28:             <ul class="nav">
    29:               <li><%= link_to 'Konta', client_accounts_path(@client) %></li>
    30:               <li><%= link_to 'Wyloguj', logout_path %></li>
  app/views/layouts/application.html.erb:27:in `_app_views_layouts_application_html_erb__460823573325292732_38057760'


  Rendered /home/msajnog/.rvm/gems/ruby-1.9.3-p392/gems/actionpack-4.0.0.beta1/lib/action_dispatch/middleware/templates/rescues/_trace.erb (1.6ms)
  Rendered /home/msajnog/.rvm/gems/ruby-1.9.3-p392/gems/actionpack-4.0.0.beta1/lib/action_dispatch/middleware/templates/rescues/_request_and_response.erb (1.2ms)
  Rendered /home/msajnog/.rvm/gems/ruby-1.9.3-p392/gems/actionpack-4.0.0.beta1/lib/action_dispatch/middleware/templates/rescues/template_error.erb within rescues/layout (17.9ms)


Started GET "/clients" for 192.168.88.1 at 2013-05-26 01:17:25 +0200
Processing by ClientsController#index as HTML
  [1m[36mClient Load (0.5ms)[0m  [1mSELECT "clients".* FROM "clients"[0m
  Rendered clients/index.html.haml within layouts/application (3.8ms)
Completed 200 OK in 14ms (Views: 12.5ms | ActiveRecord: 0.5ms)


Started GET "/assets/application.css?body=1" for 192.168.88.1 at 2013-05-26 01:17:25 +0200


Started GET "/assets/bootstrap-responsive.css?body=1" for 192.168.88.1 at 2013-05-26 01:17:25 +0200


Started GET "/assets/bootstrap.css?body=1" for 192.168.88.1 at 2013-05-26 01:17:25 +0200


Started GET "/assets/clients.css?body=1" for 192.168.88.1 at 2013-05-26 01:17:25 +0200


Started GET "/assets/jquery_ujs.js?body=1" for 192.168.88.1 at 2013-05-26 01:17:25 +0200


Started GET "/assets/scaffolds.css?body=1" for 192.168.88.1 at 2013-05-26 01:17:25 +0200


Started GET "/assets/jquery.js?body=1" for 192.168.88.1 at 2013-05-26 01:17:25 +0200


Started GET "/assets/bootstrap.js?body=1" for 192.168.88.1 at 2013-05-26 01:17:25 +0200


Started GET "/assets/turbolinks.js?body=1" for 192.168.88.1 at 2013-05-26 01:17:25 +0200


Started GET "/assets/clients.js?body=1" for 192.168.88.1 at 2013-05-26 01:17:25 +0200


Started GET "/assets/application.js?body=1" for 192.168.88.1 at 2013-05-26 01:17:25 +0200


Started GET "/clients" for 192.168.88.1 at 2013-05-26 01:17:43 +0200
Processing by ClientsController#index as HTML
  [1m[35mClient Load (0.5ms)[0m  SELECT "clients".* FROM "clients"
  Rendered clients/index.html.haml within layouts/application (2.8ms)
Completed 200 OK in 12ms (Views: 10.1ms | ActiveRecord: 0.5ms)


Started GET "/assets/application.css?body=1" for 192.168.88.1 at 2013-05-26 01:17:43 +0200


Started GET "/assets/bootstrap-responsive.css?body=1" for 192.168.88.1 at 2013-05-26 01:17:43 +0200


Started GET "/assets/bootstrap.css?body=1" for 192.168.88.1 at 2013-05-26 01:17:43 +0200


Started GET "/assets/clients.css?body=1" for 192.168.88.1 at 2013-05-26 01:17:43 +0200


Started GET "/assets/scaffolds.css?body=1" for 192.168.88.1 at 2013-05-26 01:17:43 +0200


Started GET "/assets/jquery.js?body=1" for 192.168.88.1 at 2013-05-26 01:17:43 +0200


Started GET "/assets/jquery_ujs.js?body=1" for 192.168.88.1 at 2013-05-26 01:17:43 +0200


Started GET "/assets/clients.js?body=1" for 192.168.88.1 at 2013-05-26 01:17:43 +0200


Started GET "/assets/turbolinks.js?body=1" for 192.168.88.1 at 2013-05-26 01:17:43 +0200


Started GET "/assets/bootstrap.js?body=1" for 192.168.88.1 at 2013-05-26 01:17:43 +0200


Started GET "/assets/application.js?body=1" for 192.168.88.1 at 2013-05-26 01:17:43 +0200


Started GET "/clients/new" for 192.168.88.1 at 2013-05-26 01:17:58 +0200
Processing by ClientsController#new as HTML
  Rendered clients/_form.html.haml (4.3ms)
  Rendered clients/new.html.haml within layouts/application (6.0ms)
Completed 500 Internal Server Error in 22ms

ActionView::Template::Error (undefined method `client_accounts_path' for #<#<Class:0x000000021cac08>:0x000000049819e0>):
    26:         <div class="nav-collapse collapse">
    27:           <% if @client %>
    28:             <ul class="nav">
    29:               <li><%= link_to 'Konta', client_accounts_path(@client) %></li>
    30: 
    31:             </ul>
    32:           <% end %>
  app/views/layouts/application.html.erb:29:in `_app_views_layouts_application_html_erb__460823573325292732_39938720'


  Rendered /home/msajnog/.rvm/gems/ruby-1.9.3-p392/gems/actionpack-4.0.0.beta1/lib/action_dispatch/middleware/templates/rescues/_trace.erb (1.5ms)
  Rendered /home/msajnog/.rvm/gems/ruby-1.9.3-p392/gems/actionpack-4.0.0.beta1/lib/action_dispatch/middleware/templates/rescues/_request_and_response.erb (1.1ms)
  Rendered /home/msajnog/.rvm/gems/ruby-1.9.3-p392/gems/actionpack-4.0.0.beta1/lib/action_dispatch/middleware/templates/rescues/template_error.erb within rescues/layout (14.0ms)


Started GET "/clients/new" for 192.168.88.1 at 2013-05-26 01:18:20 +0200
Processing by ClientsController#new as HTML
  Rendered clients/_form.html.haml (13.7ms)
  Rendered clients/new.html.haml within layouts/application (14.9ms)
Completed 500 Internal Server Error in 122ms

ActionView::Template::Error (undefined method `client_accounts_path' for #<#<Class:0x000000021cac08>:0x00000004f7f4f0>):
    26:         <div class="nav-collapse collapse">
    27:           <% if @client %>
    28:             <ul class="nav">
    29:               <li><%= link_to 'Konta', client_accounts_path(@client) %></li>
    30: 
    31:             </ul>
    32:           <% end %>
  app/views/layouts/application.html.erb:29:in `_app_views_layouts_application_html_erb__460823573325292732_41688980'


  Rendered /home/msajnog/.rvm/gems/ruby-1.9.3-p392/gems/actionpack-4.0.0.beta1/lib/action_dispatch/middleware/templates/rescues/_trace.erb (1.9ms)
  Rendered /home/msajnog/.rvm/gems/ruby-1.9.3-p392/gems/actionpack-4.0.0.beta1/lib/action_dispatch/middleware/templates/rescues/_request_and_response.erb (1.5ms)
  Rendered /home/msajnog/.rvm/gems/ruby-1.9.3-p392/gems/actionpack-4.0.0.beta1/lib/action_dispatch/middleware/templates/rescues/template_error.erb within rescues/layout (16.9ms)


Started GET "/clients/new" for 192.168.88.1 at 2013-05-26 01:19:12 +0200
Processing by ClientsController#new as HTML
  Rendered clients/_form.html.haml (4.4ms)
  Rendered clients/new.html.haml within layouts/application (11.8ms)
Completed 200 OK in 21ms (Views: 20.0ms | ActiveRecord: 0.0ms)


Started GET "/assets/application.css?body=1" for 192.168.88.1 at 2013-05-26 01:19:12 +0200


Started GET "/assets/bootstrap-responsive.css?body=1" for 192.168.88.1 at 2013-05-26 01:19:12 +0200


Started GET "/assets/bootstrap.css?body=1" for 192.168.88.1 at 2013-05-26 01:19:12 +0200


Started GET "/assets/clients.css?body=1" for 192.168.88.1 at 2013-05-26 01:19:12 +0200


Started GET "/assets/scaffolds.css?body=1" for 192.168.88.1 at 2013-05-26 01:19:12 +0200


Started GET "/assets/jquery.js?body=1" for 192.168.88.1 at 2013-05-26 01:19:12 +0200


Started GET "/assets/jquery_ujs.js?body=1" for 192.168.88.1 at 2013-05-26 01:19:12 +0200


Started GET "/assets/turbolinks.js?body=1" for 192.168.88.1 at 2013-05-26 01:19:12 +0200


Started GET "/assets/clients.js?body=1" for 192.168.88.1 at 2013-05-26 01:19:12 +0200


Started GET "/assets/bootstrap.js?body=1" for 192.168.88.1 at 2013-05-26 01:19:12 +0200


Started GET "/assets/application.js?body=1" for 192.168.88.1 at 2013-05-26 01:19:12 +0200


Started POST "/clients" for 192.168.88.1 at 2013-05-26 01:19:27 +0200
Processing by ClientsController#create as HTML
  Parameters: {"utf8"=>"✓", "authenticity_token"=>"a0Wnon8erAtU0T2fPw3VkZh2Sye9tqvSP29P240N2m8=", "client"=>{"name"=>"Anna", "surname"=>"Jasna", "email"=>"ania@o2.pl", "phone"=>"345-345-345"}, "commit"=>"Save"}
  [1m[36m (0.3ms)[0m  [1mBEGIN[0m
  [1m[35mSQL (0.9ms)[0m  INSERT INTO "clients" ("created_at", "email", "name", "phone", "surname", "updated_at") VALUES ($1, $2, $3, $4, $5, $6) RETURNING "id"  [["created_at", Sat, 25 May 2013 23:19:27 UTC +00:00], ["email", "ania@o2.pl"], ["name", "Anna"], ["phone", "345-345-345"], ["surname", "Jasna"], ["updated_at", Sat, 25 May 2013 23:19:27 UTC +00:00]]
  [1m[36m (0.9ms)[0m  [1mCOMMIT[0m
Redirected to http://192.168.88.143:3000/clients/2
Completed 302 Found in 9ms (ActiveRecord: 2.0ms)


Started GET "/clients/2" for 192.168.88.1 at 2013-05-26 01:19:27 +0200
Processing by ClientsController#show as HTML
  Parameters: {"id"=>"2"}
  [1m[35mClient Load (0.6ms)[0m  SELECT "clients".* FROM "clients" WHERE "clients"."id" = $1 LIMIT 1  [["id", "2"]]
  Rendered clients/show.html.haml within layouts/application (2.7ms)
Completed 200 OK in 12ms (Views: 9.7ms | ActiveRecord: 0.6ms)


Started GET "/assets/bootstrap.css?body=1" for 192.168.88.1 at 2013-05-26 01:19:27 +0200


Started GET "/assets/bootstrap-responsive.css?body=1" for 192.168.88.1 at 2013-05-26 01:19:27 +0200


Started GET "/assets/application.css?body=1" for 192.168.88.1 at 2013-05-26 01:19:27 +0200


Started GET "/assets/clients.css?body=1" for 192.168.88.1 at 2013-05-26 01:19:28 +0200


Started GET "/assets/scaffolds.css?body=1" for 192.168.88.1 at 2013-05-26 01:19:28 +0200


Started GET "/assets/jquery.js?body=1" for 192.168.88.1 at 2013-05-26 01:19:28 +0200


Started GET "/assets/jquery_ujs.js?body=1" for 192.168.88.1 at 2013-05-26 01:19:28 +0200


Started GET "/assets/turbolinks.js?body=1" for 192.168.88.1 at 2013-05-26 01:19:28 +0200


Started GET "/assets/bootstrap.js?body=1" for 192.168.88.1 at 2013-05-26 01:19:28 +0200


Started GET "/assets/clients.js?body=1" for 192.168.88.1 at 2013-05-26 01:19:28 +0200


Started GET "/assets/application.js?body=1" for 192.168.88.1 at 2013-05-26 01:19:28 +0200


Started GET "/clients" for 192.168.88.1 at 2013-05-26 01:19:37 +0200
Processing by ClientsController#index as HTML
  [1m[36mClient Load (0.6ms)[0m  [1mSELECT "clients".* FROM "clients"[0m
  Rendered clients/index.html.haml within layouts/application (9.6ms)
Completed 200 OK in 17ms (Views: 15.5ms | ActiveRecord: 0.6ms)


Started GET "/clients" for 192.168.88.1 at 2013-05-26 01:20:21 +0200
Processing by ClientsController#index as HTML
  Rendered clients/index.html.haml within layouts/application (0.9ms)
Completed 500 Internal Server Error in 4ms

ActionView::Template::Error (Illegal nesting: content can't be both given on the same line as %table and nested within it.):
    1: %h1 Listing clients
    2: 
    3: %table .table
    4:   %tr
    5:     %th Name
    6:     %th Surname
    7:     %th Email
  app/views/clients/index.html.haml:4


  Rendered /home/msajnog/.rvm/gems/ruby-1.9.3-p392/gems/actionpack-4.0.0.beta1/lib/action_dispatch/middleware/templates/rescues/_trace.erb (1.7ms)
  Rendered /home/msajnog/.rvm/gems/ruby-1.9.3-p392/gems/actionpack-4.0.0.beta1/lib/action_dispatch/middleware/templates/rescues/_request_and_response.erb (1.6ms)
  Rendered /home/msajnog/.rvm/gems/ruby-1.9.3-p392/gems/actionpack-4.0.0.beta1/lib/action_dispatch/middleware/templates/rescues/template_error.erb within rescues/layout (15.5ms)


Started GET "/clients" for 192.168.88.1 at 2013-05-26 01:20:27 +0200
Processing by ClientsController#index as HTML
  [1m[35mClient Load (0.5ms)[0m  SELECT "clients".* FROM "clients"
  Rendered clients/index.html.haml within layouts/application (8.7ms)
Completed 200 OK in 16ms (Views: 14.6ms | ActiveRecord: 0.5ms)


Started GET "/assets/application.css?body=1" for 192.168.88.1 at 2013-05-26 01:20:27 +0200


Started GET "/assets/bootstrap-responsive.css?body=1" for 192.168.88.1 at 2013-05-26 01:20:27 +0200


Started GET "/assets/bootstrap.css?body=1" for 192.168.88.1 at 2013-05-26 01:20:27 +0200


Started GET "/assets/clients.css?body=1" for 192.168.88.1 at 2013-05-26 01:20:27 +0200


Started GET "/assets/scaffolds.css?body=1" for 192.168.88.1 at 2013-05-26 01:20:27 +0200


Started GET "/assets/jquery.js?body=1" for 192.168.88.1 at 2013-05-26 01:20:27 +0200


Started GET "/assets/jquery_ujs.js?body=1" for 192.168.88.1 at 2013-05-26 01:20:27 +0200


Started GET "/assets/bootstrap.js?body=1" for 192.168.88.1 at 2013-05-26 01:20:27 +0200


Started GET "/assets/turbolinks.js?body=1" for 192.168.88.1 at 2013-05-26 01:20:27 +0200


Started GET "/assets/clients.js?body=1" for 192.168.88.1 at 2013-05-26 01:20:27 +0200


Started GET "/assets/application.js?body=1" for 192.168.88.1 at 2013-05-26 01:20:27 +0200


Started GET "/clients" for 192.168.88.1 at 2013-05-26 01:20:45 +0200
Processing by ClientsController#index as HTML
  [1m[36mClient Load (0.5ms)[0m  [1mSELECT "clients".* FROM "clients"[0m
  Rendered clients/index.html.haml within layouts/application (9.0ms)
Completed 200 OK in 16ms (Views: 14.8ms | ActiveRecord: 0.5ms)


Started GET "/assets/application.css?body=1" for 192.168.88.1 at 2013-05-26 01:20:45 +0200


Started GET "/assets/bootstrap-responsive.css?body=1" for 192.168.88.1 at 2013-05-26 01:20:45 +0200


Started GET "/assets/bootstrap.css?body=1" for 192.168.88.1 at 2013-05-26 01:20:45 +0200


Started GET "/assets/jquery_ujs.js?body=1" for 192.168.88.1 at 2013-05-26 01:20:45 +0200


Started GET "/assets/clients.css?body=1" for 192.168.88.1 at 2013-05-26 01:20:45 +0200


Started GET "/assets/scaffolds.css?body=1" for 192.168.88.1 at 2013-05-26 01:20:45 +0200


Started GET "/assets/jquery.js?body=1" for 192.168.88.1 at 2013-05-26 01:20:45 +0200


Started GET "/assets/turbolinks.js?body=1" for 192.168.88.1 at 2013-05-26 01:20:45 +0200


Started GET "/assets/bootstrap.js?body=1" for 192.168.88.1 at 2013-05-26 01:20:45 +0200


Started GET "/assets/clients.js?body=1" for 192.168.88.1 at 2013-05-26 01:20:45 +0200


Started GET "/assets/application.js?body=1" for 192.168.88.1 at 2013-05-26 01:20:45 +0200


Started GET "/clients" for 192.168.88.1 at 2013-05-26 01:20:47 +0200
Processing by ClientsController#index as HTML
  [1m[35mClient Load (0.5ms)[0m  SELECT "clients".* FROM "clients"
  Rendered clients/index.html.haml within layouts/application (4.1ms)
Completed 200 OK in 13ms (Views: 12.0ms | ActiveRecord: 0.5ms)


Started GET "/assets/application.css?body=1" for 192.168.88.1 at 2013-05-26 01:20:47 +0200


Started GET "/assets/bootstrap-responsive.css?body=1" for 192.168.88.1 at 2013-05-26 01:20:47 +0200


Started GET "/assets/bootstrap.css?body=1" for 192.168.88.1 at 2013-05-26 01:20:47 +0200


Started GET "/assets/jquery_ujs.js?body=1" for 192.168.88.1 at 2013-05-26 01:20:47 +0200


Started GET "/assets/clients.css?body=1" for 192.168.88.1 at 2013-05-26 01:20:47 +0200


Started GET "/assets/scaffolds.css?body=1" for 192.168.88.1 at 2013-05-26 01:20:47 +0200


Started GET "/assets/jquery.js?body=1" for 192.168.88.1 at 2013-05-26 01:20:47 +0200


Started GET "/assets/turbolinks.js?body=1" for 192.168.88.1 at 2013-05-26 01:20:47 +0200


Started GET "/assets/bootstrap.js?body=1" for 192.168.88.1 at 2013-05-26 01:20:47 +0200


Started GET "/assets/clients.js?body=1" for 192.168.88.1 at 2013-05-26 01:20:47 +0200


Started GET "/assets/application.js?body=1" for 192.168.88.1 at 2013-05-26 01:20:47 +0200


Started GET "/clients" for 192.168.88.1 at 2013-05-26 01:20:48 +0200
Processing by ClientsController#index as HTML
  [1m[36mClient Load (0.8ms)[0m  [1mSELECT "clients".* FROM "clients"[0m
  Rendered clients/index.html.haml within layouts/application (7.3ms)
Completed 200 OK in 57ms (Views: 55.1ms | ActiveRecord: 0.8ms)


Started GET "/assets/application.css?body=1" for 192.168.88.1 at 2013-05-26 01:20:48 +0200


Started GET "/assets/bootstrap-responsive.css?body=1" for 192.168.88.1 at 2013-05-26 01:20:48 +0200


Started GET "/assets/bootstrap.css?body=1" for 192.168.88.1 at 2013-05-26 01:20:48 +0200


Started GET "/assets/clients.css?body=1" for 192.168.88.1 at 2013-05-26 01:20:48 +0200


Started GET "/assets/scaffolds.css?body=1" for 192.168.88.1 at 2013-05-26 01:20:48 +0200


Started GET "/assets/jquery.js?body=1" for 192.168.88.1 at 2013-05-26 01:20:48 +0200


Started GET "/assets/jquery_ujs.js?body=1" for 192.168.88.1 at 2013-05-26 01:20:48 +0200


Started GET "/assets/clients.js?body=1" for 192.168.88.1 at 2013-05-26 01:20:48 +0200


Started GET "/assets/turbolinks.js?body=1" for 192.168.88.1 at 2013-05-26 01:20:48 +0200


Started GET "/assets/bootstrap.js?body=1" for 192.168.88.1 at 2013-05-26 01:20:48 +0200


Started GET "/assets/application.js?body=1" for 192.168.88.1 at 2013-05-26 01:20:48 +0200


Started GET "/clients" for 192.168.88.1 at 2013-05-26 01:20:54 +0200
Processing by ClientsController#index as HTML
  [1m[35mClient Load (0.5ms)[0m  SELECT "clients".* FROM "clients"
  Rendered clients/index.html.haml within layouts/application (7.3ms)
Completed 200 OK in 57ms (Views: 56.1ms | ActiveRecord: 0.5ms)


Started GET "/assets/application.css?body=1" for 192.168.88.1 at 2013-05-26 01:20:54 +0200


Started GET "/assets/bootstrap-responsive.css?body=1" for 192.168.88.1 at 2013-05-26 01:20:54 +0200


Started GET "/assets/bootstrap.css?body=1" for 192.168.88.1 at 2013-05-26 01:20:54 +0200


Started GET "/assets/clients.css?body=1" for 192.168.88.1 at 2013-05-26 01:20:54 +0200


Started GET "/assets/scaffolds.css?body=1" for 192.168.88.1 at 2013-05-26 01:20:54 +0200


Started GET "/assets/jquery.js?body=1" for 192.168.88.1 at 2013-05-26 01:20:54 +0200


Started GET "/assets/jquery_ujs.js?body=1" for 192.168.88.1 at 2013-05-26 01:20:54 +0200


Started GET "/assets/turbolinks.js?body=1" for 192.168.88.1 at 2013-05-26 01:20:54 +0200


Started GET "/assets/bootstrap.js?body=1" for 192.168.88.1 at 2013-05-26 01:20:54 +0200


Started GET "/assets/clients.js?body=1" for 192.168.88.1 at 2013-05-26 01:20:54 +0200


Started GET "/assets/application.js?body=1" for 192.168.88.1 at 2013-05-26 01:20:54 +0200


Started GET "/clients/new" for 192.168.88.1 at 2013-05-26 01:20:56 +0200
Processing by ClientsController#new as HTML
  Rendered clients/_form.html.haml (5.1ms)
  Rendered clients/new.html.haml within layouts/application (6.8ms)
Completed 200 OK in 17ms (Views: 15.8ms | ActiveRecord: 0.0ms)


Started GET "/clients/new" for 192.168.88.1 at 2013-05-26 01:21:22 +0200
Processing by ClientsController#new as HTML
  Rendered clients/_form.html.haml (6.3ms)
  Rendered clients/new.html.haml within layouts/application (9.5ms)
Completed 200 OK in 15ms (Views: 14.7ms | ActiveRecord: 0.0ms)


Started GET "/assets/application.css?body=1" for 192.168.88.1 at 2013-05-26 01:21:23 +0200


Started GET "/assets/bootstrap-responsive.css?body=1" for 192.168.88.1 at 2013-05-26 01:21:23 +0200


Started GET "/assets/bootstrap.css?body=1" for 192.168.88.1 at 2013-05-26 01:21:23 +0200


Started GET "/assets/clients.css?body=1" for 192.168.88.1 at 2013-05-26 01:21:23 +0200


Started GET "/assets/scaffolds.css?body=1" for 192.168.88.1 at 2013-05-26 01:21:23 +0200


Started GET "/assets/jquery.js?body=1" for 192.168.88.1 at 2013-05-26 01:21:23 +0200


Started GET "/assets/jquery_ujs.js?body=1" for 192.168.88.1 at 2013-05-26 01:21:23 +0200


Started GET "/assets/clients.js?body=1" for 192.168.88.1 at 2013-05-26 01:21:23 +0200


Started GET "/assets/turbolinks.js?body=1" for 192.168.88.1 at 2013-05-26 01:21:23 +0200


Started GET "/assets/bootstrap.js?body=1" for 192.168.88.1 at 2013-05-26 01:21:23 +0200


Started GET "/assets/application.js?body=1" for 192.168.88.1 at 2013-05-26 01:21:23 +0200


Started GET "/clients/new" for 192.168.88.1 at 2013-05-26 01:21:41 +0200
Processing by ClientsController#new as HTML
  Rendered clients/_form.html.haml (9.5ms)
  Rendered clients/new.html.haml within layouts/application (12.9ms)
Completed 200 OK in 20ms (Views: 18.8ms | ActiveRecord: 0.0ms)


Started GET "/assets/application.css?body=1" for 192.168.88.1 at 2013-05-26 01:21:41 +0200


Started GET "/assets/bootstrap-responsive.css?body=1" for 192.168.88.1 at 2013-05-26 01:21:41 +0200


Started GET "/assets/bootstrap.css?body=1" for 192.168.88.1 at 2013-05-26 01:21:41 +0200


Started GET "/assets/jquery_ujs.js?body=1" for 192.168.88.1 at 2013-05-26 01:21:41 +0200


Started GET "/assets/clients.css?body=1" for 192.168.88.1 at 2013-05-26 01:21:41 +0200


Started GET "/assets/scaffolds.css?body=1" for 192.168.88.1 at 2013-05-26 01:21:41 +0200


Started GET "/assets/jquery.js?body=1" for 192.168.88.1 at 2013-05-26 01:21:41 +0200


Started GET "/assets/turbolinks.js?body=1" for 192.168.88.1 at 2013-05-26 01:21:41 +0200


Started GET "/assets/bootstrap.js?body=1" for 192.168.88.1 at 2013-05-26 01:21:41 +0200


Started GET "/assets/clients.js?body=1" for 192.168.88.1 at 2013-05-26 01:21:41 +0200


Started GET "/assets/application.js?body=1" for 192.168.88.1 at 2013-05-26 01:21:41 +0200


Started GET "/clients" for 192.168.88.1 at 2013-05-26 01:21:46 +0200
Processing by ClientsController#index as HTML
  [1m[36mClient Load (0.6ms)[0m  [1mSELECT "clients".* FROM "clients"[0m
  Rendered clients/index.html.haml within layouts/application (7.3ms)
Completed 200 OK in 14ms (Views: 13.0ms | ActiveRecord: 0.6ms)


Started GET "/clients/1/edit" for 192.168.88.1 at 2013-05-26 01:21:48 +0200
Processing by ClientsController#edit as HTML
  Parameters: {"id"=>"1"}
  [1m[35mClient Load (0.5ms)[0m  SELECT "clients".* FROM "clients" WHERE "clients"."id" = $1 LIMIT 1  [["id", "1"]]
  Rendered clients/_form.html.haml (9.3ms)
  Rendered clients/edit.html.haml within layouts/application (15.4ms)
Completed 200 OK in 26ms (Views: 23.9ms | ActiveRecord: 0.5ms)


Started GET "/clients/1" for 192.168.88.1 at 2013-05-26 01:21:50 +0200
Processing by ClientsController#show as HTML
  Parameters: {"id"=>"1"}
  [1m[36mClient Load (0.7ms)[0m  [1mSELECT "clients".* FROM "clients" WHERE "clients"."id" = $1 LIMIT 1[0m  [["id", "1"]]
  Rendered clients/show.html.haml within layouts/application (5.6ms)
Completed 200 OK in 14ms (Views: 12.0ms | ActiveRecord: 0.7ms)


Started GET "/clients" for 192.168.88.1 at 2013-05-26 01:21:51 +0200
Processing by ClientsController#index as HTML
  [1m[35mClient Load (0.5ms)[0m  SELECT "clients".* FROM "clients"
  Rendered clients/index.html.haml within layouts/application (4.4ms)
Completed 200 OK in 12ms (Views: 10.1ms | ActiveRecord: 0.5ms)


Started GET "/clients" for 192.168.88.1 at 2013-05-26 03:05:56 +0200
Processing by ClientsController#index as HTML
  [1m[36mClient Load (0.7ms)[0m  [1mSELECT "clients".* FROM "clients"[0m
  Rendered clients/index.html.haml within layouts/application (10.1ms)
Completed 200 OK in 30ms (Views: 25.8ms | ActiveRecord: 0.7ms)


Started GET "/assets/application.css?body=1" for 192.168.88.1 at 2013-05-26 03:05:57 +0200


Started GET "/assets/bootstrap-responsive.css?body=1" for 192.168.88.1 at 2013-05-26 03:05:57 +0200


Started GET "/assets/bootstrap.css?body=1" for 192.168.88.1 at 2013-05-26 03:05:57 +0200


Started GET "/assets/clients.css?body=1" for 192.168.88.1 at 2013-05-26 03:05:57 +0200


Started GET "/assets/scaffolds.css?body=1" for 192.168.88.1 at 2013-05-26 03:05:57 +0200


Started GET "/assets/jquery.js?body=1" for 192.168.88.1 at 2013-05-26 03:05:57 +0200


Started GET "/assets/jquery_ujs.js?body=1" for 192.168.88.1 at 2013-05-26 03:05:57 +0200


Started GET "/assets/turbolinks.js?body=1" for 192.168.88.1 at 2013-05-26 03:05:57 +0200


Started GET "/assets/bootstrap.js?body=1" for 192.168.88.1 at 2013-05-26 03:05:57 +0200


Started GET "/assets/clients.js?body=1" for 192.168.88.1 at 2013-05-26 03:05:57 +0200


Started GET "/assets/application.js?body=1" for 192.168.88.1 at 2013-05-26 03:05:57 +0200


Started GET "/clients/1" for 192.168.88.1 at 2013-05-26 03:06:52 +0200
Processing by ClientsController#show as HTML
  Parameters: {"id"=>"1"}
  [1m[35mClient Load (1.2ms)[0m  SELECT "clients".* FROM "clients" WHERE "clients"."id" = $1 LIMIT 1  [["id", "1"]]
  Rendered clients/show.html.haml within layouts/application (1.7ms)
Completed 200 OK in 16ms (Views: 10.3ms | ActiveRecord: 1.2ms)
